d:/bios/z124-002/z124-002/Build/Harrisonville/RELEASE_MYTOOLS/X64/MdePkg/Library/UefiBootServicesTableLib/UefiBootServicesTableLib/OUTPUT/UefiBootServicesTableLib.lib
d:/bios/z124-002/z124-002/Build/Harrisonville/RELEASE_MYTOOLS/X64/MdePkg/Library/UefiRuntimeServicesTableLib/UefiRuntimeServicesTableLib/OUTPUT/UefiRuntimeServicesTableLib.lib
d:/bios/z124-002/z124-002/Build/Harrisonville/RELEASE_MYTOOLS/X64/MdePkg/Library/DxePcdLib/DxePcdLib/OUTPUT/DxePcdLib.lib
d:/bios/z124-002/z124-002/Build/Harrisonville/RELEASE_MYTOOLS/X64/MdePkg/Library/BaseLib/BaseLib/OUTPUT/BaseLib.lib
d:/bios/z124-002/z124-002/Build/Harrisonville/RELEASE_MYTOOLS/X64/MdePkg/Library/BaseMemoryLibRepStr/BaseMemoryLibRepStr/OUTPUT/BaseMemoryLibRepStr.lib
d:/bios/z124-002/z124-002/Build/Harrisonville/RELEASE_MYTOOLS/X64/MdePkg/Library/BaseIoLibIntrinsic/BaseIoLibIntrinsic/OUTPUT/BaseIoLibIntrinsic.lib
d:/bios/z124-002/z124-002/Build/Harrisonville/RELEASE_MYTOOLS/X64/MdePkg/Library/BasePciExpressLib/BasePciExpressLib/OUTPUT/BasePciExpressLib.lib
d:/bios/z124-002/z124-002/Build/Harrisonville/RELEASE_MYTOOLS/X64/MdePkg/Library/BasePciLibPciExpress/BasePciLibPciExpress/OUTPUT/BasePciLibPciExpress.lib
d:/bios/z124-002/z124-002/Build/Harrisonville/RELEASE_MYTOOLS/X64/MdeModulePkg/Library/BasePlatformHookLibNull/BasePlatformHookLibNull/OUTPUT/BasePlatformHookLibNull.lib
d:/bios/z124-002/z124-002/Build/Harrisonville/RELEASE_MYTOOLS/X64/AmiCRBPkg/Library/BaseSerialPortLib16550/BaseSerialPortLib16550/OUTPUT/BaseSerialPortLib16550Override.lib
d:/bios/z124-002/z124-002/Build/Harrisonville/RELEASE_MYTOOLS/X64/MdePkg/Library/BasePrintLib/BasePrintLib/OUTPUT/BasePrintLib.lib
d:/bios/z124-002/z124-002/Build/Harrisonville/RELEASE_MYTOOLS/X64/MdePkg/Library/BaseDebugPrintErrorLevelLib/BaseDebugPrintErrorLevelLib/OUTPUT/BaseDebugPrintErrorLevelLib.lib
d:/bios/z124-002/z124-002/Build/Harrisonville/RELEASE_MYTOOLS/X64/MdePkg/Library/BaseDebugLibSerialPort/BaseDebugLibSerialPort/OUTPUT/BaseDebugLibSerialPort.lib
d:/bios/z124-002/z124-002/Build/Harrisonville/RELEASE_MYTOOLS/X64/DenvertonPkg/Library/PeiDxeSmmMmPciLib/PeiDxeSmmMmPciLib/OUTPUT/PeiDxeSmmMmPciLib.lib
d:/bios/z124-002/z124-002/Build/Harrisonville/RELEASE_MYTOOLS/X64/MdeModulePkg/Library/DxeCoreMemoryAllocationLib/DxeCoreMemoryAllocationLib/OUTPUT/DxeCoreMemoryAllocationLib.lib
d:/bios/z124-002/z124-002/Build/Harrisonville/RELEASE_MYTOOLS/X64/HarrisonvillePkg/Library/PlatformTimerLib/PlatformTimerLib/OUTPUT/PlatformTimerLib.lib
d:/bios/z124-002/z124-002/Build/Harrisonville/RELEASE_MYTOOLS/X64/MdePkg/Library/DxeCoreEntryPoint/DxeCoreEntryPoint/OUTPUT/DxeCoreEntryPoint.lib
d:/bios/z124-002/z124-002/Build/Harrisonville/RELEASE_MYTOOLS/X64/MdePkg/Library/UefiDevicePathLib/UefiDevicePathLib/OUTPUT/UefiDevicePathLib.lib
d:/bios/z124-002/z124-002/Build/Harrisonville/RELEASE_MYTOOLS/X64/AmiModulePkg/TCG2/ShaLib/TcgHashIntrinsicLib/OUTPUT/TcgHashIntrinsicLib.lib
d:/bios/z124-002/z124-002/Build/Harrisonville/RELEASE_MYTOOLS/X64/HarrisonvillePkg/Library/AcpiTimerLib/AcpiTimerLib/OUTPUT/AcpiTimerLib.lib
d:/bios/z124-002/z124-002/Build/Harrisonville/RELEASE_MYTOOLS/X64/MdePkg/Library/DxeCoreHobLib/DxeCoreHobLib/OUTPUT/DxeCoreHobLib.lib
d:/bios/z124-002/z124-002/Build/Harrisonville/RELEASE_MYTOOLS/X64/MdeModulePkg/Library/DxeReportStatusCodeLib/DxeReportStatusCodeLib/OUTPUT/DxeReportStatusCodeLib.lib
d:/bios/z124-002/z124-002/Build/Harrisonville/RELEASE_MYTOOLS/X64/MdePkg/Library/UefiLib/UefiLib/OUTPUT/UefiLib.lib
d:/bios/z124-002/z124-002/Build/Harrisonville/RELEASE_MYTOOLS/X64/AmiModulePkg/TCG2/CRB_lib/PttHciLibNull/OUTPUT/PttHciDeviceNullLib.lib
d:/bios/z124-002/z124-002/Build/Harrisonville/RELEASE_MYTOOLS/X64/AmiModulePkg/TCG2/CRB_lib/PspfTpmLibNull/OUTPUT/PspfTpmLibNull.lib
d:/bios/z124-002/z124-002/Build/Harrisonville/RELEASE_MYTOOLS/X64/AmiModulePkg/TCG2/ShaLib/ShaLib/OUTPUT/ShaLib.lib
d:/bios/z124-002/z124-002/Build/Harrisonville/RELEASE_MYTOOLS/X64/MdePkg/Library/DxeExtractGuidedSectionLib/DxeExtractGuidedSectionLib/OUTPUT/DxeExtractGuidedSectionLib.lib
d:/bios/z124-002/z124-002/Build/Harrisonville/RELEASE_MYTOOLS/X64/MdePkg/Library/BasePeCoffExtraActionLibNull/BasePeCoffExtraActionLibNull/OUTPUT/PeCoffExtraActionLibNull.lib
d:/bios/z124-002/z124-002/Build/Harrisonville/RELEASE_MYTOOLS/X64/UefiCpuPkg/Library/BaseXApicX2ApicLib/BaseXApicX2ApicLib/OUTPUT/BaseXApicX2ApicLib.lib
d:/bios/z124-002/z124-002/Build/Harrisonville/RELEASE_MYTOOLS/X64/MdePkg/Library/BaseSynchronizationLib/BaseSynchronizationLib/OUTPUT/BaseSynchronizationLib.lib
d:/bios/z124-002/z124-002/Build/Harrisonville/RELEASE_MYTOOLS/X64/MdePkg/Library/BasePeCoffGetEntryPointLib/BasePeCoffGetEntryPointLib/OUTPUT/BasePeCoffGetEntryPointLib.lib
d:/bios/z124-002/z124-002/Build/Harrisonville/RELEASE_MYTOOLS/X64/MdePkg/Library/BasePostCodeLibPort80/BasePostCodeLibPort80/OUTPUT/BasePostCodeLibPort80.lib
d:/bios/z124-002/z124-002/Build/Harrisonville/RELEASE_MYTOOLS/X64/MdeModulePkg/Library/DxeCorePerformanceLib/DxeCorePerformanceLib/OUTPUT/DxeCorePerformanceLib.lib
d:/bios/z124-002/z124-002/Build/Harrisonville/RELEASE_MYTOOLS/X64/AmiModulePkg/TCG2/TpmReportStatusCodeWrapperLib/TpmReportStatusCodeWrapperLibDxe/OUTPUT/TpmReportStatusCodeWrapperLibDxe.lib
d:/bios/z124-002/z124-002/Build/Harrisonville/RELEASE_MYTOOLS/X64/AmiModulePkg/TCG2/Common/AmiTcmlib/AmiTcmlib/OUTPUT/AmiTcmlib.lib
d:/bios/z124-002/z124-002/Build/Harrisonville/RELEASE_MYTOOLS/X64/Build/Tpm20CRBLibDxe/OUTPUT/CrbLibDxe.lib
d:/bios/z124-002/z124-002/Build/Harrisonville/RELEASE_MYTOOLS/X64/AmiModulePkg/TCG2/TisLib/TisLib20/OUTPUT/TisLib20.lib
d:/bios/z124-002/z124-002/Build/Harrisonville/RELEASE_MYTOOLS/X64/AmiModulePkg/TCG2/TisLib/TisLib12/OUTPUT/TisLib12.lib
d:/bios/z124-002/z124-002/Build/Harrisonville/RELEASE_MYTOOLS/X64/MdePkg/Library/BaseCacheMaintenanceLib/BaseCacheMaintenanceLib/OUTPUT/BaseCacheMaintenanceLib.lib
d:/bios/z124-002/z124-002/Build/Harrisonville/RELEASE_MYTOOLS/X64/IntelFrameworkModulePkg/Library/BaseUefiTianoCustomDecompressLib/BaseUefiTianoCustomDecompressLib/OUTPUT/BaseUefiTianoDecompressLib.lib
d:/bios/z124-002/z124-002/Build/Harrisonville/RELEASE_MYTOOLS/X64/MdePkg/Library/BasePeCoffLib/BasePeCoffLib/OUTPUT/BasePeCoffLib.lib
d:/bios/z124-002/z124-002/Build/Harrisonville/RELEASE_MYTOOLS/X64/MdePkg/Library/DxeServicesLib/DxeServicesLib/OUTPUT/DxeServicesLib.lib
d:/bios/z124-002/z124-002/Build/Harrisonville/RELEASE_MYTOOLS/X64/MdeModulePkg/Library/DebugAgentLibNull/DebugAgentLibNull/OUTPUT/DebugAgentLibNull.lib
d:/bios/z124-002/z124-002/Build/Harrisonville/RELEASE_MYTOOLS/X64/UefiCpuPkg/Library/CpuExceptionHandlerLib/DxeCpuExceptionHandlerLib/OUTPUT/DxeCpuExceptionHandlerLib.lib
d:/bios/z124-002/z124-002/Build/Harrisonville/RELEASE_MYTOOLS/X64/AmiModulePkg/Library/DriverNameLib/DriverNameLib/OUTPUT/AmiDriverNameLib.lib
d:/bios/z124-002/z124-002/Build/Harrisonville/RELEASE_MYTOOLS/X64/AmiModulePkg/Library/ResetNotAvailableYetLib/ResetNotAvailableYetLib/OUTPUT/AmiResetNotAvailableYetLib.lib
d:/bios/z124-002/z124-002/Build/Harrisonville/RELEASE_MYTOOLS/X64/AmiCompatibilityPkg/Library/AmiDxeLib/OUTPUT/AmiDxeLib.lib
d:/bios/z124-002/z124-002/Build/Harrisonville/RELEASE_MYTOOLS/X64/AmiModulePkg/Library/DxeCoreAmiPerformanceProfilingLib/DxeCoreAmiPerformanceProfilingLib/OUTPUT/DxeCoreAmiPerformanceProfilingLib.lib
d:/bios/z124-002/z124-002/Build/Harrisonville/RELEASE_MYTOOLS/X64/AmiModulePkg/TCG2/Common/TcgCoreHook/TcgCoreHook/OUTPUT/TcgCoreHook.lib
d:/bios/z124-002/z124-002/Build/Harrisonville/RELEASE_MYTOOLS/X64/MdeModulePkg/Core/Dxe/DxeMain/OUTPUT/DxeCore.lib