d:/bios/z124-002/z124-002/Build/Harrisonville/RELEASE_MYTOOLS/X64/MdePkg/Library/UefiBootServicesTableLib/UefiBootServicesTableLib/OUTPUT/UefiBootServicesTableLib.lib
d:/bios/z124-002/z124-002/Build/Harrisonville/RELEASE_MYTOOLS/X64/MdePkg/Library/UefiRuntimeServicesTableLib/UefiRuntimeServicesTableLib/OUTPUT/UefiRuntimeServicesTableLib.lib
d:/bios/z124-002/z124-002/Build/Harrisonville/RELEASE_MYTOOLS/X64/MdePkg/Library/BaseDebugPrintErrorLevelLib/BaseDebugPrintErrorLevelLib/OUTPUT/BaseDebugPrintErrorLevelLib.lib
d:/bios/z124-002/z124-002/Build/Harrisonville/RELEASE_MYTOOLS/X64/MdePkg/Library/DxePcdLib/DxePcdLib/OUTPUT/DxePcdLib.lib
d:/bios/z124-002/z124-002/Build/Harrisonville/RELEASE_MYTOOLS/X64/MdePkg/Library/BaseLib/BaseLib/OUTPUT/BaseLib.lib
d:/bios/z124-002/z124-002/Build/Harrisonville/RELEASE_MYTOOLS/X64/MdePkg/Library/BaseMemoryLibRepStr/BaseMemoryLibRepStr/OUTPUT/BaseMemoryLibRepStr.lib
d:/bios/z124-002/z124-002/Build/Harrisonville/RELEASE_MYTOOLS/X64/AmiModulePkg/Library/DxeAmiDebugLib/DxeAmiDebugLib/OUTPUT/DxeAmiDebugLib.lib
d:/bios/z124-002/z124-002/Build/Harrisonville/RELEASE_MYTOOLS/X64/MdePkg/Library/BasePrintLib/BasePrintLib/OUTPUT/BasePrintLib.lib
d:/bios/z124-002/z124-002/Build/Harrisonville/RELEASE_MYTOOLS/X64/MdePkg/Library/UefiMemoryAllocationLib/UefiMemoryAllocationLib/OUTPUT/UefiMemoryAllocationLib.lib
d:/bios/z124-002/z124-002/Build/Harrisonville/RELEASE_MYTOOLS/X64/MdePkg/Library/UefiDevicePathLib/UefiDevicePathLib/OUTPUT/UefiDevicePathLib.lib
d:/bios/z124-002/z124-002/Build/Harrisonville/RELEASE_MYTOOLS/X64/MdePkg/Library/UefiLib/UefiLib/OUTPUT/UefiLib.lib
d:/bios/z124-002/z124-002/Build/Harrisonville/RELEASE_MYTOOLS/X64/MdePkg/Library/DxeServicesLib/DxeServicesLib/OUTPUT/DxeServicesLib.lib
d:/bios/z124-002/z124-002/Build/Harrisonville/RELEASE_MYTOOLS/X64/MdePkg/Library/BasePeCoffExtraActionLibNull/BasePeCoffExtraActionLibNull/OUTPUT/PeCoffExtraActionLibNull.lib
d:/bios/z124-002/z124-002/Build/Harrisonville/RELEASE_MYTOOLS/X64/MdeModulePkg/Library/DxeSecurityManagementLib/DxeSecurityManagementLib/OUTPUT/DxeSecurityManagementLib.lib
d:/bios/z124-002/z124-002/Build/Harrisonville/RELEASE_MYTOOLS/X64/MdePkg/Library/BasePeCoffLib/BasePeCoffLib/OUTPUT/BasePeCoffLib.lib
d:/bios/z124-002/z124-002/Build/Harrisonville/RELEASE_MYTOOLS/X64/MdePkg/Library/UefiDriverEntryPoint/UefiDriverEntryPoint/OUTPUT/UefiDriverEntryPoint.lib
d:/bios/z124-002/z124-002/Build/Harrisonville/RELEASE_MYTOOLS/X64/AmiModulePkg/Library/DxeAmiImageTypeLib/DxeAmiImageTypeLib/OUTPUT/DxeAmiImageTypeLib.lib
d:/bios/z124-002/z124-002/Build/Harrisonville/RELEASE_MYTOOLS/X64/AmiModulePkg/Library/DxeAmiConnectPolicyLib/DxeAmiConnectPolicyLib/OUTPUT/DxeAmiConnectPolicyLib.lib
d:/bios/z124-002/z124-002/Build/Harrisonville/RELEASE_MYTOOLS/X64/AmiModulePkg/TCG2/Common/DxeTpmMeasureBootLib/DxeTpmMeasureBootLib/OUTPUT/DxeTpmMeasureBootLib.lib
d:/bios/z124-002/z124-002/Build/Harrisonville/RELEASE_MYTOOLS/X64/MdeModulePkg/Universal/SecurityStubDxe/SecurityStubDxe/OUTPUT/SecurityStubDxe.lib