d:/bios/z124-002/z124-002/Build/Harrisonville/RELEASE_MYTOOLS/IA32/CryptoPkg/Library/BaseCryptLib/PeiCryptLib/OUTPUT/Hash/CryptMd5.obj
d:/bios/z124-002/z124-002/Build/Harrisonville/RELEASE_MYTOOLS/IA32/CryptoPkg/Library/BaseCryptLib/PeiCryptLib/OUTPUT/Hash/CryptSha1.obj
d:/bios/z124-002/z124-002/Build/Harrisonville/RELEASE_MYTOOLS/IA32/CryptoPkg/Library/BaseCryptLib/PeiCryptLib/OUTPUT/Hash/CryptSha256.obj
d:/bios/z124-002/z124-002/Build/Harrisonville/RELEASE_MYTOOLS/IA32/CryptoPkg/Library/BaseCryptLib/PeiCryptLib/OUTPUT/Hash/CryptSm3.obj
d:/bios/z124-002/z124-002/Build/Harrisonville/RELEASE_MYTOOLS/IA32/CryptoPkg/Library/BaseCryptLib/PeiCryptLib/OUTPUT/Hash/CryptSha512.obj
d:/bios/z124-002/z124-002/Build/Harrisonville/RELEASE_MYTOOLS/IA32/CryptoPkg/Library/BaseCryptLib/PeiCryptLib/OUTPUT/Hmac/CryptHmacSha256.obj
d:/bios/z124-002/z124-002/Build/Harrisonville/RELEASE_MYTOOLS/IA32/CryptoPkg/Library/BaseCryptLib/PeiCryptLib/OUTPUT/Kdf/CryptHkdf.obj
d:/bios/z124-002/z124-002/Build/Harrisonville/RELEASE_MYTOOLS/IA32/CryptoPkg/Library/BaseCryptLib/PeiCryptLib/OUTPUT/Cipher/CryptAesNull.obj
d:/bios/z124-002/z124-002/Build/Harrisonville/RELEASE_MYTOOLS/IA32/CryptoPkg/Library/BaseCryptLib/PeiCryptLib/OUTPUT/Pk/CryptRsaBasic.obj
d:/bios/z124-002/z124-002/Build/Harrisonville/RELEASE_MYTOOLS/IA32/CryptoPkg/Library/BaseCryptLib/PeiCryptLib/OUTPUT/Pk/CryptRsaExtNull.obj
d:/bios/z124-002/z124-002/Build/Harrisonville/RELEASE_MYTOOLS/IA32/CryptoPkg/Library/BaseCryptLib/PeiCryptLib/OUTPUT/Pk/CryptPkcs1OaepNull.obj
d:/bios/z124-002/z124-002/Build/Harrisonville/RELEASE_MYTOOLS/IA32/CryptoPkg/Library/BaseCryptLib/PeiCryptLib/OUTPUT/Pk/CryptPkcs5Pbkdf2Null.obj
d:/bios/z124-002/z124-002/Build/Harrisonville/RELEASE_MYTOOLS/IA32/CryptoPkg/Library/BaseCryptLib/PeiCryptLib/OUTPUT/Pk/CryptPkcs7SignNull.obj
d:/bios/z124-002/z124-002/Build/Harrisonville/RELEASE_MYTOOLS/IA32/CryptoPkg/Library/BaseCryptLib/PeiCryptLib/OUTPUT/Pk/CryptPkcs7VerifyCommon.obj
d:/bios/z124-002/z124-002/Build/Harrisonville/RELEASE_MYTOOLS/IA32/CryptoPkg/Library/BaseCryptLib/PeiCryptLib/OUTPUT/Pk/CryptPkcs7VerifyBase.obj
d:/bios/z124-002/z124-002/Build/Harrisonville/RELEASE_MYTOOLS/IA32/CryptoPkg/Library/BaseCryptLib/PeiCryptLib/OUTPUT/Pk/CryptPkcs7VerifyEku.obj
d:/bios/z124-002/z124-002/Build/Harrisonville/RELEASE_MYTOOLS/IA32/CryptoPkg/Library/BaseCryptLib/PeiCryptLib/OUTPUT/Pk/CryptDhNull.obj
d:/bios/z124-002/z124-002/Build/Harrisonville/RELEASE_MYTOOLS/IA32/CryptoPkg/Library/BaseCryptLib/PeiCryptLib/OUTPUT/Pk/CryptX509Null.obj
d:/bios/z124-002/z124-002/Build/Harrisonville/RELEASE_MYTOOLS/IA32/CryptoPkg/Library/BaseCryptLib/PeiCryptLib/OUTPUT/Pk/CryptAuthenticodeNull.obj
d:/bios/z124-002/z124-002/Build/Harrisonville/RELEASE_MYTOOLS/IA32/CryptoPkg/Library/BaseCryptLib/PeiCryptLib/OUTPUT/Pk/CryptTsNull.obj
d:/bios/z124-002/z124-002/Build/Harrisonville/RELEASE_MYTOOLS/IA32/CryptoPkg/Library/BaseCryptLib/PeiCryptLib/OUTPUT/Pk/CryptRsaPss.obj
d:/bios/z124-002/z124-002/Build/Harrisonville/RELEASE_MYTOOLS/IA32/CryptoPkg/Library/BaseCryptLib/PeiCryptLib/OUTPUT/Pk/CryptRsaPssSignNull.obj
d:/bios/z124-002/z124-002/Build/Harrisonville/RELEASE_MYTOOLS/IA32/CryptoPkg/Library/BaseCryptLib/PeiCryptLib/OUTPUT/Pem/CryptPemNull.obj
d:/bios/z124-002/z124-002/Build/Harrisonville/RELEASE_MYTOOLS/IA32/CryptoPkg/Library/BaseCryptLib/PeiCryptLib/OUTPUT/Rand/CryptRandNull.obj
d:/bios/z124-002/z124-002/Build/Harrisonville/RELEASE_MYTOOLS/IA32/CryptoPkg/Library/BaseCryptLib/PeiCryptLib/OUTPUT/SysCall/ConstantTimeClock.obj
d:/bios/z124-002/z124-002/Build/Harrisonville/RELEASE_MYTOOLS/IA32/CryptoPkg/Library/BaseCryptLib/PeiCryptLib/OUTPUT/SysCall/BaseMemAllocation.obj