d:/bios/z124-002/z124-002/Build/Harrisonville/RELEASE_MYTOOLS/X64/MdePkg/Library/UefiBootServicesTableLib/UefiBootServicesTableLib/OUTPUT/UefiBootServicesTableLib.lib
d:/bios/z124-002/z124-002/Build/Harrisonville/RELEASE_MYTOOLS/X64/MdePkg/Library/BaseLib/BaseLib/OUTPUT/BaseLib.lib
d:/bios/z124-002/z124-002/Build/Harrisonville/RELEASE_MYTOOLS/X64/MdePkg/Library/BaseMemoryLibRepStr/BaseMemoryLibRepStr/OUTPUT/BaseMemoryLibRepStr.lib
d:/bios/z124-002/z124-002/Build/Harrisonville/RELEASE_MYTOOLS/X64/MdePkg/Library/DxePcdLib/DxePcdLib/OUTPUT/DxePcdLib.lib
d:/bios/z124-002/z124-002/Build/Harrisonville/RELEASE_MYTOOLS/X64/MdePkg/Library/BaseDebugPrintErrorLevelLib/BaseDebugPrintErrorLevelLib/OUTPUT/BaseDebugPrintErrorLevelLib.lib
d:/bios/z124-002/z124-002/Build/Harrisonville/RELEASE_MYTOOLS/X64/AmiModulePkg/Library/RuntimeAmiDebugLib/RuntimeAmiDebugLib/OUTPUT/RuntimeAmiDebugLib.lib
d:/bios/z124-002/z124-002/Build/Harrisonville/RELEASE_MYTOOLS/X64/MdePkg/Library/BaseIoLibIntrinsic/BaseIoLibIntrinsic/OUTPUT/BaseIoLibIntrinsic.lib
d:/bios/z124-002/z124-002/Build/Harrisonville/RELEASE_MYTOOLS/X64/MdePkg/Library/BasePciCf8Lib/BasePciCf8Lib/OUTPUT/BasePciCf8Lib.lib
d:/bios/z124-002/z124-002/Build/Harrisonville/RELEASE_MYTOOLS/X64/DenvertonPkg/Library/PeiDxeSmmMmPciLib/PeiDxeSmmMmPciLib/OUTPUT/PeiDxeSmmMmPciLib.lib
d:/bios/z124-002/z124-002/Build/Harrisonville/RELEASE_MYTOOLS/X64/MdePkg/Library/BasePostCodeLibPort80/BasePostCodeLibPort80/OUTPUT/BasePostCodeLibPort80.lib
d:/bios/z124-002/z124-002/Build/Harrisonville/RELEASE_MYTOOLS/X64/MdeModulePkg/Library/DxePerformanceLib/DxePerformanceLib/OUTPUT/DxePerformanceLib.lib
d:/bios/z124-002/z124-002/Build/Harrisonville/RELEASE_MYTOOLS/X64/MdePkg/Library/BasePciLibCf8/BasePciLibCf8/OUTPUT/BasePciLibCf8.lib
d:/bios/z124-002/z124-002/Build/Harrisonville/RELEASE_MYTOOLS/X64/MdeModulePkg/Library/BasePlatformHookLibNull/BasePlatformHookLibNull/OUTPUT/BasePlatformHookLibNull.lib
d:/bios/z124-002/z124-002/Build/Harrisonville/RELEASE_MYTOOLS/X64/HarrisonvillePkg/Library/PlatformTimerLib/PlatformTimerLib/OUTPUT/PlatformTimerLib.lib
d:/bios/z124-002/z124-002/Build/Harrisonville/RELEASE_MYTOOLS/X64/AmiCompatibilityPkg/Library/AmiDxeLib/OUTPUT/AmiDxeLib.lib
d:/bios/z124-002/z124-002/Build/Harrisonville/RELEASE_MYTOOLS/X64/MdePkg/Library/UefiDriverEntryPoint/UefiDriverEntryPoint/OUTPUT/UefiDriverEntryPoint.lib
d:/bios/z124-002/z124-002/Build/Harrisonville/RELEASE_MYTOOLS/X64/AmiCRBPkg/Library/BaseSerialPortLib16550/BaseSerialPortLib16550/OUTPUT/BaseSerialPortLib16550Override.lib
d:/bios/z124-002/z124-002/Build/Harrisonville/RELEASE_MYTOOLS/X64/MdePkg/Library/BasePrintLib/BasePrintLib/OUTPUT/BasePrintLib.lib
d:/bios/z124-002/z124-002/Build/Harrisonville/RELEASE_MYTOOLS/X64/HarrisonvillePkg/Library/AcpiTimerLib/AcpiTimerLib/OUTPUT/AcpiTimerLib.lib
d:/bios/z124-002/z124-002/Build/Harrisonville/RELEASE_MYTOOLS/X64/AmiModulePkg/Library/BaseAmiBeepLibNull/BaseAmiBeepLibNull/OUTPUT/BaseAmiBeepLibNull.lib
d:/bios/z124-002/z124-002/Build/Harrisonville/RELEASE_MYTOOLS/X64/AmiModulePkg/AmiStatusCode/StatusCodeDxe/OUTPUT/StatusCodeDxe.lib