d:/bios/z124-002/z124-002/Build/Harrisonville/RELEASE_MYTOOLS/IA32/MdePkg/Library/BaseDebugPrintErrorLevelLib/BaseDebugPrintErrorLevelLib/OUTPUT/BaseDebugPrintErrorLevelLib.lib
d:/bios/z124-002/z124-002/Build/Harrisonville/RELEASE_MYTOOLS/IA32/MdePkg/Library/PeiMemoryAllocationLib/PeiMemoryAllocationLib/OUTPUT/PeiMemoryAllocationLib.lib
d:/bios/z124-002/z124-002/Build/Harrisonville/RELEASE_MYTOOLS/IA32/MdePkg/Library/PeiServicesTablePointerLibIdt/PeiServicesTablePointerLibIdt/OUTPUT/PeiServicesTablePointerLibIdt.lib
d:/bios/z124-002/z124-002/Build/Harrisonville/RELEASE_MYTOOLS/IA32/MdePkg/Library/PeiServicesLib/PeiServicesLib/OUTPUT/PeiServicesLib.lib
d:/bios/z124-002/z124-002/Build/Harrisonville/RELEASE_MYTOOLS/IA32/MdePkg/Library/BaseMemoryLibRepStr/BaseMemoryLibRepStr/OUTPUT/BaseMemoryLibRepStr.lib
d:/bios/z124-002/z124-002/Build/Harrisonville/RELEASE_MYTOOLS/IA32/MdePkg/Library/PeiPcdLib/PeiPcdLib/OUTPUT/PeiPcdLib.lib
d:/bios/z124-002/z124-002/Build/Harrisonville/RELEASE_MYTOOLS/IA32/DenvertonPkg/SouthCluster/Library/PeiDxeSmmPchP2sbLib/PeiDxeSmmPchP2sbLib/OUTPUT/PeiDxeSmmPchP2sbLib.lib
d:/bios/z124-002/z124-002/Build/Harrisonville/RELEASE_MYTOOLS/IA32/DenvertonPkg/SouthCluster/Library/PeiDxeSmmPchCycleDecodingLib/PeiDxeSmmPchCycleDecodingLib/OUTPUT/PeiDxeSmmPchCycleDecodingLib.lib
d:/bios/z124-002/z124-002/Build/Harrisonville/RELEASE_MYTOOLS/IA32/DenvertonPkg/SouthCluster/Library/PeiDxeSmmPchInfoLib/PeiDxeSmmPchInfoLib/OUTPUT/PeiDxeSmmPchInfoLib.lib
d:/bios/z124-002/z124-002/Build/Harrisonville/RELEASE_MYTOOLS/IA32/MdePkg/Library/BaseLib/BaseLib/OUTPUT/BaseLib.lib
d:/bios/z124-002/z124-002/Build/Harrisonville/RELEASE_MYTOOLS/IA32/DenvertonPkg/SouthCluster/Library/PeiDxeSmmPchPcrLib/PeiDxeSmmPchPcrLib/OUTPUT/PeiDxeSmmPchPcrLib.lib
d:/bios/z124-002/z124-002/Build/Harrisonville/RELEASE_MYTOOLS/IA32/DenvertonPkg/Library/PeiDxeSmmMmPciLib/PeiDxeSmmMmPciLib/OUTPUT/PeiDxeSmmMmPciLib.lib
d:/bios/z124-002/z124-002/Build/Harrisonville/RELEASE_MYTOOLS/IA32/MdePkg/Library/PeiHobLib/PeiHobLib/OUTPUT/PeiHobLib.lib
d:/bios/z124-002/z124-002/Build/Harrisonville/RELEASE_MYTOOLS/IA32/MdePkg/Library/BaseIoLibIntrinsic/BaseIoLibIntrinsic/OUTPUT/BaseIoLibIntrinsic.lib
d:/bios/z124-002/z124-002/Build/Harrisonville/RELEASE_MYTOOLS/IA32/AmiModulePkg/Library/PeiAmiDebugLib/PeiAmiDebugLib/OUTPUT/PeiAmiDebugLib.lib
d:/bios/z124-002/z124-002/Build/Harrisonville/RELEASE_MYTOOLS/IA32/MdePkg/Library/BasePciExpressLib/BasePciExpressLib/OUTPUT/BasePciExpressLib.lib
d:/bios/z124-002/z124-002/Build/Harrisonville/RELEASE_MYTOOLS/IA32/HarrisonvillePkg/Library/PlatformTimerLib/PlatformTimerLib/OUTPUT/PlatformTimerLib.lib
d:/bios/z124-002/z124-002/Build/Harrisonville/RELEASE_MYTOOLS/IA32/MdePkg/Library/BasePciLibPciExpress/BasePciLibPciExpress/OUTPUT/BasePciLibPciExpress.lib
d:/bios/z124-002/z124-002/Build/Harrisonville/RELEASE_MYTOOLS/IA32/MdePkg/Library/PeimEntryPoint/PeimEntryPoint/OUTPUT/PeimEntryPoint.lib
d:/bios/z124-002/z124-002/Build/Harrisonville/RELEASE_MYTOOLS/IA32/HarrisonvillePkg/Library/AcpiTimerLib/AcpiTimerLib/OUTPUT/AcpiTimerLib.lib
d:/bios/z124-002/z124-002/Build/Harrisonville/RELEASE_MYTOOLS/IA32/DenvertonPkg/Me/Heci/Library/MeTypeLib/MeTypeLib/OUTPUT/MeTypeLib.lib
d:/bios/z124-002/z124-002/Build/Harrisonville/RELEASE_MYTOOLS/IA32/DenvertonPkg/Me/Sps/Pei/SpsPei/OUTPUT/SpsPei.lib