d:/bios/z124-002/z124-002/Build/Harrisonville/RELEASE_MYTOOLS/X64/MdePkg/Library/UefiBootServicesTableLib/UefiBootServicesTableLib/OUTPUT/UefiBootServicesTableLib.lib
d:/bios/z124-002/z124-002/Build/Harrisonville/RELEASE_MYTOOLS/X64/MdePkg/Library/UefiRuntimeServicesTableLib/UefiRuntimeServicesTableLib/OUTPUT/UefiRuntimeServicesTableLib.lib
d:/bios/z124-002/z124-002/Build/Harrisonville/RELEASE_MYTOOLS/X64/MdePkg/Library/BaseDebugPrintErrorLevelLib/BaseDebugPrintErrorLevelLib/OUTPUT/BaseDebugPrintErrorLevelLib.lib
d:/bios/z124-002/z124-002/Build/Harrisonville/RELEASE_MYTOOLS/X64/DenvertonPkg/SouthCluster/Library/PeiDxeSmmPchP2sbLib/PeiDxeSmmPchP2sbLib/OUTPUT/PeiDxeSmmPchP2sbLib.lib
d:/bios/z124-002/z124-002/Build/Harrisonville/RELEASE_MYTOOLS/X64/DenvertonPkg/SouthCluster/Library/PeiDxeSmmPchCycleDecodingLib/PeiDxeSmmPchCycleDecodingLib/OUTPUT/PeiDxeSmmPchCycleDecodingLib.lib
d:/bios/z124-002/z124-002/Build/Harrisonville/RELEASE_MYTOOLS/X64/DenvertonPkg/SouthCluster/Library/PeiDxeSmmPchInfoLib/PeiDxeSmmPchInfoLib/OUTPUT/PeiDxeSmmPchInfoLib.lib
d:/bios/z124-002/z124-002/Build/Harrisonville/RELEASE_MYTOOLS/X64/MdePkg/Library/BaseMemoryLibRepStr/BaseMemoryLibRepStr/OUTPUT/BaseMemoryLibRepStr.lib
d:/bios/z124-002/z124-002/Build/Harrisonville/RELEASE_MYTOOLS/X64/MdePkg/Library/BaseLib/BaseLib/OUTPUT/BaseLib.lib
d:/bios/z124-002/z124-002/Build/Harrisonville/RELEASE_MYTOOLS/X64/MdePkg/Library/DxePcdLib/DxePcdLib/OUTPUT/DxePcdLib.lib
d:/bios/z124-002/z124-002/Build/Harrisonville/RELEASE_MYTOOLS/X64/DenvertonPkg/SouthCluster/Library/PeiDxeSmmPchPcrLib/PeiDxeSmmPchPcrLib/OUTPUT/PeiDxeSmmPchPcrLib.lib
d:/bios/z124-002/z124-002/Build/Harrisonville/RELEASE_MYTOOLS/X64/AmiModulePkg/Library/DxeAmiDebugLib/DxeAmiDebugLib/OUTPUT/DxeAmiDebugLib.lib
d:/bios/z124-002/z124-002/Build/Harrisonville/RELEASE_MYTOOLS/X64/DenvertonPkg/Library/PeiDxeSmmMmPciLib/PeiDxeSmmMmPciLib/OUTPUT/PeiDxeSmmMmPciLib.lib
d:/bios/z124-002/z124-002/Build/Harrisonville/RELEASE_MYTOOLS/X64/MdePkg/Library/BaseIoLibIntrinsic/BaseIoLibIntrinsic/OUTPUT/BaseIoLibIntrinsic.lib
d:/bios/z124-002/z124-002/Build/Harrisonville/RELEASE_MYTOOLS/X64/MdePkg/Library/BasePrintLib/BasePrintLib/OUTPUT/BasePrintLib.lib
d:/bios/z124-002/z124-002/Build/Harrisonville/RELEASE_MYTOOLS/X64/MdePkg/Library/UefiMemoryAllocationLib/UefiMemoryAllocationLib/OUTPUT/UefiMemoryAllocationLib.lib
d:/bios/z124-002/z124-002/Build/Harrisonville/RELEASE_MYTOOLS/X64/MdePkg/Library/UefiDevicePathLib/UefiDevicePathLib/OUTPUT/UefiDevicePathLib.lib
d:/bios/z124-002/z124-002/Build/Harrisonville/RELEASE_MYTOOLS/X64/MdePkg/Library/UefiLib/UefiLib/OUTPUT/UefiLib.lib
d:/bios/z124-002/z124-002/Build/Harrisonville/RELEASE_MYTOOLS/X64/MdePkg/Library/BasePciExpressLib/BasePciExpressLib/OUTPUT/BasePciExpressLib.lib
d:/bios/z124-002/z124-002/Build/Harrisonville/RELEASE_MYTOOLS/X64/HarrisonvillePkg/Library/PlatformTimerLib/PlatformTimerLib/OUTPUT/PlatformTimerLib.lib
d:/bios/z124-002/z124-002/Build/Harrisonville/RELEASE_MYTOOLS/X64/MdePkg/Library/DxeHobLib/DxeHobLib/OUTPUT/DxeHobLib.lib
d:/bios/z124-002/z124-002/Build/Harrisonville/RELEASE_MYTOOLS/X64/MdePkg/Library/BasePciLibPciExpress/BasePciLibPciExpress/OUTPUT/BasePciLibPciExpress.lib
d:/bios/z124-002/z124-002/Build/Harrisonville/RELEASE_MYTOOLS/X64/HarrisonvillePkg/Library/AcpiTimerLib/AcpiTimerLib/OUTPUT/AcpiTimerLib.lib
d:/bios/z124-002/z124-002/Build/Harrisonville/RELEASE_MYTOOLS/X64/DenvertonPkg/Me/Heci/Library/MeTypeLib/MeTypeLib/OUTPUT/MeTypeLib.lib
d:/bios/z124-002/z124-002/Build/Harrisonville/RELEASE_MYTOOLS/X64/DenvertonPkg/Me/Heci/Library/MeChipsetLib/MeChipsetLib/OUTPUT/MeChipsetLib.lib
d:/bios/z124-002/z124-002/Build/Harrisonville/RELEASE_MYTOOLS/X64/MdeModulePkg/Library/DxePerformanceLib/DxePerformanceLib/OUTPUT/DxePerformanceLib.lib
d:/bios/z124-002/z124-002/Build/Harrisonville/RELEASE_MYTOOLS/X64/HarrisonvillePkg/Me/Library/MeSetupLib/MeDxeSetupLib/OUTPUT/MeDxeSetupLib.lib
d:/bios/z124-002/z124-002/Build/Harrisonville/RELEASE_MYTOOLS/X64/DenvertonPkg/Me/Heci/Library/MeTypeLib/MeTypeSetLib/OUTPUT/MeTypeSetLib.lib
d:/bios/z124-002/z124-002/Build/Harrisonville/RELEASE_MYTOOLS/X64/DenvertonPkg/Me/Heci/Library/HeciMsgDxeLib/HeciMsgDxeLib/OUTPUT/HeciMsgDxeLib.lib
d:/bios/z124-002/z124-002/Build/Harrisonville/RELEASE_MYTOOLS/X64/MdePkg/Library/UefiDriverEntryPoint/UefiDriverEntryPoint/OUTPUT/UefiDriverEntryPoint.lib
d:/bios/z124-002/z124-002/Build/Harrisonville/RELEASE_MYTOOLS/X64/MdePkg/Library/DxeServicesTableLib/DxeServicesTableLib/OUTPUT/DxeServicesTableLib.lib
d:/bios/z124-002/z124-002/Build/Harrisonville/RELEASE_MYTOOLS/X64/IA32FamilyCpuPkg/Library/CpuConfigLib/CpuConfigLib/OUTPUT/CpuConfigLib.lib
d:/bios/z124-002/z124-002/Build/Harrisonville/RELEASE_MYTOOLS/X64/AmiModulePkg/Library/S3BootScriptLibS3SaveStateProtocol/DxeS3BootScriptLibS3SaveStateProtocol/OUTPUT/DxeS3BootScriptLibS3SaveStateProtocol.lib
d:/bios/z124-002/z124-002/Build/Harrisonville/RELEASE_MYTOOLS/X64/HarrisonvillePkg/Me/Policy/Library/Dxe/MePolicyUpdateDxeLib/OUTPUT/MePolicyUpdateDxeLib.lib
d:/bios/z124-002/z124-002/Build/Harrisonville/RELEASE_MYTOOLS/X64/DenvertonPkg/Me/Sps/Dxe/SpsDxe/OUTPUT/SpsDxe.lib