d:/bios/z124-002/z124-002/Build/Harrisonville/RELEASE_MYTOOLS/IA32/MdePkg/Library/PeiHobLib/PeiHobLib/OUTPUT/PeiHobLib.lib
d:/bios/z124-002/z124-002/Build/Harrisonville/RELEASE_MYTOOLS/IA32/MdePkg/Library/PeiMemoryAllocationLib/PeiMemoryAllocationLib/OUTPUT/PeiMemoryAllocationLib.lib
d:/bios/z124-002/z124-002/Build/Harrisonville/RELEASE_MYTOOLS/IA32/MdePkg/Library/PeiServicesTablePointerLibIdt/PeiServicesTablePointerLibIdt/OUTPUT/PeiServicesTablePointerLibIdt.lib
d:/bios/z124-002/z124-002/Build/Harrisonville/RELEASE_MYTOOLS/IA32/MdePkg/Library/BaseMemoryLibRepStr/BaseMemoryLibRepStr/OUTPUT/BaseMemoryLibRepStr.lib
d:/bios/z124-002/z124-002/Build/Harrisonville/RELEASE_MYTOOLS/IA32/DenvertonPkg/SouthCluster/Library/PeiDxeSmmPchP2sbLib/PeiDxeSmmPchP2sbLib/OUTPUT/PeiDxeSmmPchP2sbLib.lib
d:/bios/z124-002/z124-002/Build/Harrisonville/RELEASE_MYTOOLS/IA32/DenvertonPkg/SouthCluster/Library/PeiDxeSmmPchPcrLib/PeiDxeSmmPchPcrLib/OUTPUT/PeiDxeSmmPchPcrLib.lib
d:/bios/z124-002/z124-002/Build/Harrisonville/RELEASE_MYTOOLS/IA32/DenvertonPkg/SouthCluster/Library/PeiDxeSmmPchInfoLib/PeiDxeSmmPchInfoLib/OUTPUT/PeiDxeSmmPchInfoLib.lib
d:/bios/z124-002/z124-002/Build/Harrisonville/RELEASE_MYTOOLS/IA32/MdePkg/Library/BaseIoLibIntrinsic/BaseIoLibIntrinsic/OUTPUT/BaseIoLibIntrinsic.lib
d:/bios/z124-002/z124-002/Build/Harrisonville/RELEASE_MYTOOLS/IA32/DenvertonPkg/SouthCluster/Library/PeiDxeSmmPchCycleDecodingLib/PeiDxeSmmPchCycleDecodingLib/OUTPUT/PeiDxeSmmPchCycleDecodingLib.lib
d:/bios/z124-002/z124-002/Build/Harrisonville/RELEASE_MYTOOLS/IA32/MdePkg/Library/PeiPcdLib/PeiPcdLib/OUTPUT/PeiPcdLib.lib
d:/bios/z124-002/z124-002/Build/Harrisonville/RELEASE_MYTOOLS/IA32/DenvertonPkg/Library/PeiDxeSmmMmPciLib/PeiDxeSmmMmPciLib/OUTPUT/PeiDxeSmmMmPciLib.lib
d:/bios/z124-002/z124-002/Build/Harrisonville/RELEASE_MYTOOLS/IA32/MdePkg/Library/BaseLib/BaseLib/OUTPUT/BaseLib.lib
d:/bios/z124-002/z124-002/Build/Harrisonville/RELEASE_MYTOOLS/IA32/MdePkg/Library/PeiServicesLib/PeiServicesLib/OUTPUT/PeiServicesLib.lib
d:/bios/z124-002/z124-002/Build/Harrisonville/RELEASE_MYTOOLS/IA32/AmiModulePkg/Library/PeiAmiDebugLib/PeiAmiDebugLib/OUTPUT/PeiAmiDebugLib.lib
d:/bios/z124-002/z124-002/Build/Harrisonville/RELEASE_MYTOOLS/IA32/MdePkg/Library/BaseDebugPrintErrorLevelLib/BaseDebugPrintErrorLevelLib/OUTPUT/BaseDebugPrintErrorLevelLib.lib
d:/bios/z124-002/z124-002/Build/Harrisonville/RELEASE_MYTOOLS/IA32/MdePkg/Library/BasePciExpressLib/BasePciExpressLib/OUTPUT/BasePciExpressLib.lib
d:/bios/z124-002/z124-002/Build/Harrisonville/RELEASE_MYTOOLS/IA32/HarrisonvillePkg/Library/PlatformTimerLib/PlatformTimerLib/OUTPUT/PlatformTimerLib.lib
d:/bios/z124-002/z124-002/Build/Harrisonville/RELEASE_MYTOOLS/IA32/MdePkg/Library/BasePciLibPciExpress/BasePciLibPciExpress/OUTPUT/BasePciLibPciExpress.lib
d:/bios/z124-002/z124-002/Build/Harrisonville/RELEASE_MYTOOLS/IA32/HarrisonvillePkg/Library/AcpiTimerLib/AcpiTimerLib/OUTPUT/AcpiTimerLib.lib
d:/bios/z124-002/z124-002/Build/Harrisonville/RELEASE_MYTOOLS/IA32/MdePkg/Library/BasePrintLib/BasePrintLib/OUTPUT/BasePrintLib.lib
d:/bios/z124-002/z124-002/Build/Harrisonville/RELEASE_MYTOOLS/IA32/MdePkg/Library/BaseRngLib/BaseRngLib/OUTPUT/BaseRngLib.lib
d:/bios/z124-002/z124-002/Build/Harrisonville/RELEASE_MYTOOLS/IA32/DenvertonPkg/SouthCluster/Library/PeiDxeSmmPchSbiAccessLib/PeiDxeSmmPchSbiAccessLib/OUTPUT/PeiDxeSmmPchSbiAccessLib.lib
d:/bios/z124-002/z124-002/Build/Harrisonville/RELEASE_MYTOOLS/IA32/DenvertonPkg/Me/Heci/Library/MeTypeLib/MeTypeLib/OUTPUT/MeTypeLib.lib
d:/bios/z124-002/z124-002/Build/Harrisonville/RELEASE_MYTOOLS/IA32/MdeModulePkg/Library/PeiPerformanceLib/PeiPerformanceLib/OUTPUT/PeiPerformanceLib.lib
d:/bios/z124-002/z124-002/Build/Harrisonville/RELEASE_MYTOOLS/IA32/DenvertonPkg/FiaMuxInit/PeiFiaMuxHelperLib/PeiFiaMuxHelperLib/OUTPUT/PeiFiaMuxHelperLib.lib
d:/bios/z124-002/z124-002/Build/Harrisonville/RELEASE_MYTOOLS/IA32/DenvertonPkg/PcieIpInit/Pei/PeiPcieIpPolicyInitLib/PeiPcieIpPolicyInitLib/OUTPUT/PeiPcieIpPolicyInitLib.lib
d:/bios/z124-002/z124-002/Build/Harrisonville/RELEASE_MYTOOLS/IA32/MdePkg/Library/BasePostCodeLibPort80/BasePostCodeLibPort80/OUTPUT/BasePostCodeLibPort80.lib
d:/bios/z124-002/z124-002/Build/Harrisonville/RELEASE_MYTOOLS/IA32/DenvertonPkg/StPgIpInit/PchPmcStPgIpInit/OUTPUT/StPgIpInitLib.lib
d:/bios/z124-002/z124-002/Build/Harrisonville/RELEASE_MYTOOLS/IA32/MdePkg/Library/BaseS3BootScriptLibNull/BaseS3BootScriptLibNull/OUTPUT/BaseS3BootScriptLibNull.lib
d:/bios/z124-002/z124-002/Build/Harrisonville/RELEASE_MYTOOLS/IA32/CryptoPkg/Library/BaseCryptLib/PeiCrtWrapperLib/OUTPUT/PeiCrtWrapperLib.lib
d:/bios/z124-002/z124-002/Build/Harrisonville/RELEASE_MYTOOLS/IA32/AmiModulePkg/Library/AmiMsftIntrinsicsLib/AmiMsftIntrinsicsLib/OUTPUT/AmiMsftIntrinsicsLib.lib
d:/bios/z124-002/z124-002/Build/Harrisonville/RELEASE_MYTOOLS/IA32/Build/OpensslLibPei/OUTPUT/OpensslLibPei.lib
d:/bios/z124-002/z124-002/Build/Harrisonville/RELEASE_MYTOOLS/IA32/DenvertonPkg/SouthCluster/Library/PeiDxeSmmGpioLib/PeiDxeSmmGpioLib/OUTPUT/PeiDxeSmmGpioLib.lib
d:/bios/z124-002/z124-002/Build/Harrisonville/RELEASE_MYTOOLS/IA32/DenvertonPkg/Me/Heci/Library/HeciMsgPeiLib/HeciMsgPeiLib/OUTPUT/HeciMsgPeiLib.lib
d:/bios/z124-002/z124-002/Build/Harrisonville/RELEASE_MYTOOLS/IA32/DenvertonPkg/Me/Heci/Library/MeFiaMuxLib/MeFiaMuxLib/OUTPUT/MeFiaMuxLib.lib
d:/bios/z124-002/z124-002/Build/Harrisonville/RELEASE_MYTOOLS/IA32/DenvertonPkg/Library/BaseConfigBlockLib/BaseConfigBlockLib/OUTPUT/BaseConfigBlockLib.lib
d:/bios/z124-002/z124-002/Build/Harrisonville/RELEASE_MYTOOLS/IA32/DenvertonPkg/SouthCluster/Library/PeiDxeSmmPchHsioLib/PeiDxeSmmPchHsioLib/OUTPUT/PeiDxeSmmPchHsioLib.lib
d:/bios/z124-002/z124-002/Build/Harrisonville/RELEASE_MYTOOLS/IA32/DenvertonPkg/PcieIpInit/Pei/PeiPcieIpInitLib/PeiPcieIpInitLib/OUTPUT/PeiPcieIpInitLib.lib
d:/bios/z124-002/z124-002/Build/Harrisonville/RELEASE_MYTOOLS/IA32/DenvertonPkg/PcieIpInit/Pei/PeiPcieIpPlatformLib/PeiPcieIpPlatformLib/OUTPUT/PcieIpPlatformLib.lib
d:/bios/z124-002/z124-002/Build/Harrisonville/RELEASE_MYTOOLS/IA32/CryptoPkg/Library/BaseCryptLib/PeiCryptLib/OUTPUT/PeiCryptLib.lib
d:/bios/z124-002/z124-002/Build/Harrisonville/RELEASE_MYTOOLS/IA32/HarrisonvillePkg/Library/PeiPlatformHookLib/PeiPlatformHooklib/OUTPUT/PeiPlatformHookLib.lib
d:/bios/z124-002/z124-002/Build/Harrisonville/RELEASE_MYTOOLS/IA32/AmiCompatibilityPkg/Library/AmiPeiLib/OUTPUT/AmiPeiLib.lib
d:/bios/z124-002/z124-002/Build/Harrisonville/RELEASE_MYTOOLS/IA32/HarrisonvillePkg/Library/PlatformCmosLib/PlatformCmosLib/OUTPUT/PlatformCmosLib.lib
d:/bios/z124-002/z124-002/Build/Harrisonville/RELEASE_MYTOOLS/IA32/HarrisonvillePkg/Library/PeiPolicyDebugLib/PeiPolicyDebugLib/OUTPUT/PeiPolicyDebugLib.lib
d:/bios/z124-002/z124-002/Build/Harrisonville/RELEASE_MYTOOLS/IA32/Build/PeiFiaMuxPolicyInitLib/OUTPUT/PeiFiaMuxPolicyInitLib.lib
d:/bios/z124-002/z124-002/Build/Harrisonville/RELEASE_MYTOOLS/IA32/DenvertonPkg/RasPolicyInit/Pei/PeiRasPolicyInitLib/PeiRasPolicyInitLib/OUTPUT/PeiRasPolicyInitLib.lib
d:/bios/z124-002/z124-002/Build/Harrisonville/RELEASE_MYTOOLS/IA32/DenvertonPkg/IqatIpInit/IqatIpPolicyInitLib/IqatIpPolicyInitLib/OUTPUT/IqatIpPolicyInitLib.lib
d:/bios/z124-002/z124-002/Build/Harrisonville/RELEASE_MYTOOLS/IA32/DenvertonPkg/Library/PeiSiPolicyLib/PeiSiPolicyLib/OUTPUT/PeiSiPolicyLib.lib
d:/bios/z124-002/z124-002/Build/Harrisonville/RELEASE_MYTOOLS/IA32/DenvertonPkg/SystemAgent/Library/PeiSaPolicyLib/PeiSaPolicyLib/OUTPUT/PeiSaPolicyLib.lib
d:/bios/z124-002/z124-002/Build/Harrisonville/RELEASE_MYTOOLS/IA32/DenvertonPkg/SouthCluster/Library/PeiPchPolicyLib/PeiPchPolicyLib/OUTPUT/PeiPchPolicyLib.lib
d:/bios/z124-002/z124-002/Build/Harrisonville/RELEASE_MYTOOLS/IA32/HarrisonvillePkg/Library/SmbusLib/SmbusLib/OUTPUT/SmbusLib.lib
d:/bios/z124-002/z124-002/Build/Harrisonville/RELEASE_MYTOOLS/IA32/HarrisonvillePkg/Library/PeiPolicyUpdateLib/PeiPolicyUpdateLib/OUTPUT/PlatformPolicyUpdatePeiLib.lib
d:/bios/z124-002/z124-002/Build/Harrisonville/RELEASE_MYTOOLS/IA32/Build/AmiCspLibPei/OUTPUT/AmiCspLibPei.lib
d:/bios/z124-002/z124-002/Build/Harrisonville/RELEASE_MYTOOLS/IA32/HarrisonvillePkg/Platform/PlatformInfo/Pei/PlatformInfoPei/OUTPUT/PlatformInfoPei.lib
d:/bios/z124-002/z124-002/Build/Harrisonville/RELEASE_MYTOOLS/IA32/HarrisonvillePkg/Library/PeiPolicyInitLib/PeiPolicyInitLib/OUTPUT/PeiPolicyInit.lib
d:/bios/z124-002/z124-002/Build/Harrisonville/RELEASE_MYTOOLS/IA32/MdePkg/Library/PeimEntryPoint/PeimEntryPoint/OUTPUT/PeimEntryPoint.lib
d:/bios/z124-002/z124-002/Build/Harrisonville/RELEASE_MYTOOLS/IA32/HarrisonvillePkg/Platform/PlatformStage1Pei/PlatformStage1Pei/OUTPUT/PlatformStage1Pei.lib