d:/bios/z124-002/z124-002/Build/Harrisonville/RELEASE_MYTOOLS/X64/AmiTsePkg/EDK/MiniSetup/BootOnly/Minisetup/OUTPUT/AMILogo/AMILogo.obj
d:/bios/z124-002/z124-002/Build/Harrisonville/RELEASE_MYTOOLS/X64/AmiTsePkg/EDK/MiniSetup/BootOnly/Minisetup/OUTPUT/bbs.obj
d:/bios/z124-002/z124-002/Build/Harrisonville/RELEASE_MYTOOLS/X64/AmiTsePkg/EDK/MiniSetup/BootOnly/Minisetup/OUTPUT/boot.obj
d:/bios/z124-002/z124-002/Build/Harrisonville/RELEASE_MYTOOLS/X64/AmiTsePkg/EDK/MiniSetup/BootOnly/Minisetup/OUTPUT/box.obj
d:/bios/z124-002/z124-002/Build/Harrisonville/RELEASE_MYTOOLS/X64/AmiTsePkg/EDK/MiniSetup/BootOnly/Minisetup/OUTPUT/buffer.obj
d:/bios/z124-002/z124-002/Build/Harrisonville/RELEASE_MYTOOLS/X64/AmiTsePkg/EDK/MiniSetup/BootOnly/Minisetup/OUTPUT/dobmpmgr.obj
d:/bios/z124-002/z124-002/Build/Harrisonville/RELEASE_MYTOOLS/X64/AmiTsePkg/EDK/MiniSetup/BootOnly/Minisetup/OUTPUT/globals.obj
d:/bios/z124-002/z124-002/Build/Harrisonville/RELEASE_MYTOOLS/X64/AmiTsePkg/EDK/MiniSetup/BootOnly/Minisetup/OUTPUT/hiistring.obj
d:/bios/z124-002/z124-002/Build/Harrisonville/RELEASE_MYTOOLS/X64/AmiTsePkg/EDK/MiniSetup/BootOnly/Minisetup/OUTPUT/logo.obj
d:/bios/z124-002/z124-002/Build/Harrisonville/RELEASE_MYTOOLS/X64/AmiTsePkg/EDK/MiniSetup/BootOnly/Minisetup/OUTPUT/mem.obj
d:/bios/z124-002/z124-002/Build/Harrisonville/RELEASE_MYTOOLS/X64/AmiTsePkg/EDK/MiniSetup/BootOnly/Minisetup/OUTPUT/minisetup.obj
d:/bios/z124-002/z124-002/Build/Harrisonville/RELEASE_MYTOOLS/X64/AmiTsePkg/EDK/MiniSetup/BootOnly/Minisetup/OUTPUT/minisetupext.obj
d:/bios/z124-002/z124-002/Build/Harrisonville/RELEASE_MYTOOLS/X64/AmiTsePkg/EDK/MiniSetup/BootOnly/Minisetup/OUTPUT/notify.obj
d:/bios/z124-002/z124-002/Build/Harrisonville/RELEASE_MYTOOLS/X64/AmiTsePkg/EDK/MiniSetup/BootOnly/Minisetup/OUTPUT/postmgmt.obj
d:/bios/z124-002/z124-002/Build/Harrisonville/RELEASE_MYTOOLS/X64/AmiTsePkg/EDK/MiniSetup/BootOnly/Minisetup/OUTPUT/print.obj
d:/bios/z124-002/z124-002/Build/Harrisonville/RELEASE_MYTOOLS/X64/AmiTsePkg/EDK/MiniSetup/BootOnly/Minisetup/OUTPUT/protocol.obj
d:/bios/z124-002/z124-002/Build/Harrisonville/RELEASE_MYTOOLS/X64/AmiTsePkg/EDK/MiniSetup/BootOnly/Minisetup/OUTPUT/screen.obj
d:/bios/z124-002/z124-002/Build/Harrisonville/RELEASE_MYTOOLS/X64/AmiTsePkg/EDK/MiniSetup/BootOnly/Minisetup/OUTPUT/string.obj
d:/bios/z124-002/z124-002/Build/Harrisonville/RELEASE_MYTOOLS/X64/AmiTsePkg/EDK/MiniSetup/BootOnly/Minisetup/OUTPUT/timer.obj
d:/bios/z124-002/z124-002/Build/Harrisonville/RELEASE_MYTOOLS/X64/AmiTsePkg/EDK/MiniSetup/BootOnly/Minisetup/OUTPUT/variable.obj
d:/bios/z124-002/z124-002/Build/Harrisonville/RELEASE_MYTOOLS/X64/AmiTsePkg/EDK/MiniSetup/BootOnly/Minisetup/OUTPUT/Resources.obj
d:/bios/z124-002/z124-002/Build/Harrisonville/RELEASE_MYTOOLS/X64/AmiTsePkg/EDK/MiniSetup/BootOnly/Minisetup/OUTPUT/HookAnchor.obj
d:/bios/z124-002/z124-002/Build/Harrisonville/RELEASE_MYTOOLS/X64/AmiTsePkg/EDK/MiniSetup/BootOnly/Minisetup/OUTPUT/EDKhelper.obj
d:/bios/z124-002/z124-002/Build/Harrisonville/RELEASE_MYTOOLS/X64/AmiTsePkg/EDK/MiniSetup/BootOnly/Minisetup/OUTPUT/password.obj
d:/bios/z124-002/z124-002/Build/Harrisonville/RELEASE_MYTOOLS/X64/AmiTsePkg/EDK/MiniSetup/BootOnly/Minisetup/OUTPUT/postmgmtext.obj