d:/bios/z124-002/z124-002/Build/Harrisonville/RELEASE_MYTOOLS/X64/AmiTsePkg/EDK/MiniSetup/TseLite/TseLite/OUTPUT/Action.obj
d:/bios/z124-002/z124-002/Build/Harrisonville/RELEASE_MYTOOLS/X64/AmiTsePkg/EDK/MiniSetup/TseLite/TseLite/OUTPUT/application.obj
d:/bios/z124-002/z124-002/Build/Harrisonville/RELEASE_MYTOOLS/X64/AmiTsePkg/EDK/MiniSetup/TseLite/TseLite/OUTPUT/object.obj
d:/bios/z124-002/z124-002/Build/Harrisonville/RELEASE_MYTOOLS/X64/AmiTsePkg/EDK/MiniSetup/TseLite/TseLite/OUTPUT/page.obj
d:/bios/z124-002/z124-002/Build/Harrisonville/RELEASE_MYTOOLS/X64/AmiTsePkg/EDK/MiniSetup/TseLite/TseLite/OUTPUT/control.obj
d:/bios/z124-002/z124-002/Build/Harrisonville/RELEASE_MYTOOLS/X64/AmiTsePkg/EDK/MiniSetup/TseLite/TseLite/OUTPUT/callback.obj
d:/bios/z124-002/z124-002/Build/Harrisonville/RELEASE_MYTOOLS/X64/AmiTsePkg/EDK/MiniSetup/TseLite/TseLite/OUTPUT/frame.obj
d:/bios/z124-002/z124-002/Build/Harrisonville/RELEASE_MYTOOLS/X64/AmiTsePkg/EDK/MiniSetup/TseLite/TseLite/OUTPUT/hotkey.obj
d:/bios/z124-002/z124-002/Build/Harrisonville/RELEASE_MYTOOLS/X64/AmiTsePkg/EDK/MiniSetup/TseLite/TseLite/OUTPUT/SubMenu.obj
d:/bios/z124-002/z124-002/Build/Harrisonville/RELEASE_MYTOOLS/X64/AmiTsePkg/EDK/MiniSetup/TseLite/TseLite/OUTPUT/Text.obj
d:/bios/z124-002/z124-002/Build/Harrisonville/RELEASE_MYTOOLS/X64/AmiTsePkg/EDK/MiniSetup/TseLite/TseLite/OUTPUT/Menu.obj
d:/bios/z124-002/z124-002/Build/Harrisonville/RELEASE_MYTOOLS/X64/AmiTsePkg/EDK/MiniSetup/TseLite/TseLite/OUTPUT/MessageBox.obj
d:/bios/z124-002/z124-002/Build/Harrisonville/RELEASE_MYTOOLS/X64/AmiTsePkg/EDK/MiniSetup/TseLite/TseLite/OUTPUT/memo.obj
d:/bios/z124-002/z124-002/Build/Harrisonville/RELEASE_MYTOOLS/X64/AmiTsePkg/EDK/MiniSetup/TseLite/TseLite/OUTPUT/popup.obj
d:/bios/z124-002/z124-002/Build/Harrisonville/RELEASE_MYTOOLS/X64/AmiTsePkg/EDK/MiniSetup/TseLite/TseLite/OUTPUT/Label.obj
d:/bios/z124-002/z124-002/Build/Harrisonville/RELEASE_MYTOOLS/X64/AmiTsePkg/EDK/MiniSetup/TseLite/TseLite/OUTPUT/numeric.obj
d:/bios/z124-002/z124-002/Build/Harrisonville/RELEASE_MYTOOLS/X64/AmiTsePkg/EDK/MiniSetup/TseLite/TseLite/OUTPUT/time.obj
d:/bios/z124-002/z124-002/Build/Harrisonville/RELEASE_MYTOOLS/X64/AmiTsePkg/EDK/MiniSetup/TseLite/TseLite/OUTPUT/Date.obj
d:/bios/z124-002/z124-002/Build/Harrisonville/RELEASE_MYTOOLS/X64/AmiTsePkg/EDK/MiniSetup/TseLite/TseLite/OUTPUT/edit.obj
d:/bios/z124-002/z124-002/Build/Harrisonville/RELEASE_MYTOOLS/X64/AmiTsePkg/EDK/MiniSetup/TseLite/TseLite/OUTPUT/ListBox.obj
d:/bios/z124-002/z124-002/Build/Harrisonville/RELEASE_MYTOOLS/X64/AmiTsePkg/EDK/MiniSetup/TseLite/TseLite/OUTPUT/PopupPassword.obj
d:/bios/z124-002/z124-002/Build/Harrisonville/RELEASE_MYTOOLS/X64/AmiTsePkg/EDK/MiniSetup/TseLite/TseLite/OUTPUT/PopupSel.obj
d:/bios/z124-002/z124-002/Build/Harrisonville/RELEASE_MYTOOLS/X64/AmiTsePkg/EDK/MiniSetup/TseLite/TseLite/OUTPUT/PopupString.obj
d:/bios/z124-002/z124-002/Build/Harrisonville/RELEASE_MYTOOLS/X64/AmiTsePkg/EDK/MiniSetup/TseLite/TseLite/OUTPUT/PopupEdit.obj
d:/bios/z124-002/z124-002/Build/Harrisonville/RELEASE_MYTOOLS/X64/AmiTsePkg/EDK/MiniSetup/TseLite/TseLite/OUTPUT/ordlistbox.obj
d:/bios/z124-002/z124-002/Build/Harrisonville/RELEASE_MYTOOLS/X64/AmiTsePkg/EDK/MiniSetup/TseLite/TseLite/OUTPUT/minisetupext.obj
d:/bios/z124-002/z124-002/Build/Harrisonville/RELEASE_MYTOOLS/X64/AmiTsePkg/EDK/MiniSetup/TseLite/TseLite/OUTPUT/variable.obj
d:/bios/z124-002/z124-002/Build/Harrisonville/RELEASE_MYTOOLS/X64/AmiTsePkg/EDK/MiniSetup/TseLite/TseLite/OUTPUT/AddBootOption.obj
d:/bios/z124-002/z124-002/Build/Harrisonville/RELEASE_MYTOOLS/X64/AmiTsePkg/EDK/MiniSetup/TseLite/TseLite/OUTPUT/tselitecommon.obj
d:/bios/z124-002/z124-002/Build/Harrisonville/RELEASE_MYTOOLS/X64/AmiTsePkg/EDK/MiniSetup/TseLite/TseLite/OUTPUT/UefiAction.obj
d:/bios/z124-002/z124-002/Build/Harrisonville/RELEASE_MYTOOLS/X64/AmiTsePkg/EDK/MiniSetup/TseLite/TseLite/OUTPUT/ResetButton.obj
d:/bios/z124-002/z124-002/Build/Harrisonville/RELEASE_MYTOOLS/X64/AmiTsePkg/EDK/MiniSetup/TseLite/TseLite/OUTPUT/hotclick.obj