d:/bios/z124-002/z124-002/Build/Harrisonville/RELEASE_MYTOOLS/X64/MdePkg/Library/PeiHobLib/PeiHobLib/OUTPUT/PeiHobLib.lib
d:/bios/z124-002/z124-002/Build/Harrisonville/RELEASE_MYTOOLS/X64/MdePkg/Library/PeiMemoryAllocationLib/PeiMemoryAllocationLib/OUTPUT/PeiMemoryAllocationLib.lib
d:/bios/z124-002/z124-002/Build/Harrisonville/RELEASE_MYTOOLS/X64/MdePkg/Library/PeiServicesTablePointerLibIdt/PeiServicesTablePointerLibIdt/OUTPUT/PeiServicesTablePointerLibIdt.lib
d:/bios/z124-002/z124-002/Build/Harrisonville/RELEASE_MYTOOLS/X64/MdePkg/Library/PeiServicesLib/PeiServicesLib/OUTPUT/PeiServicesLib.lib
d:/bios/z124-002/z124-002/Build/Harrisonville/RELEASE_MYTOOLS/X64/MdePkg/Library/BaseMemoryLibRepStr/BaseMemoryLibRepStr/OUTPUT/BaseMemoryLibRepStr.lib
d:/bios/z124-002/z124-002/Build/Harrisonville/RELEASE_MYTOOLS/X64/MdePkg/Library/PeiPcdLib/PeiPcdLib/OUTPUT/PeiPcdLib.lib
d:/bios/z124-002/z124-002/Build/Harrisonville/RELEASE_MYTOOLS/X64/MdePkg/Library/BaseLib/BaseLib/OUTPUT/BaseLib.lib
d:/bios/z124-002/z124-002/Build/Harrisonville/RELEASE_MYTOOLS/X64/MdePkg/Library/BaseIoLibIntrinsic/BaseIoLibIntrinsic/OUTPUT/BaseIoLibIntrinsic.lib
d:/bios/z124-002/z124-002/Build/Harrisonville/RELEASE_MYTOOLS/X64/MdePkg/Library/BasePciCf8Lib/BasePciCf8Lib/OUTPUT/BasePciCf8Lib.lib
d:/bios/z124-002/z124-002/Build/Harrisonville/RELEASE_MYTOOLS/X64/MdePkg/Library/BaseDebugPrintErrorLevelLib/BaseDebugPrintErrorLevelLib/OUTPUT/BaseDebugPrintErrorLevelLib.lib
d:/bios/z124-002/z124-002/Build/Harrisonville/RELEASE_MYTOOLS/X64/MdePkg/Library/BasePostCodeLibPort80/BasePostCodeLibPort80/OUTPUT/BasePostCodeLibPort80.lib
d:/bios/z124-002/z124-002/Build/Harrisonville/RELEASE_MYTOOLS/X64/AmiModulePkg/Library/AmiIoDecodeLib/AmiIoDecodeLib/OUTPUT/AmiIoDecodeLib.lib
d:/bios/z124-002/z124-002/Build/Harrisonville/RELEASE_MYTOOLS/X64/AmiCompatibilityPkg/Library/AmiPeiLib/OUTPUT/AmiPeiLib.lib
d:/bios/z124-002/z124-002/Build/Harrisonville/RELEASE_MYTOOLS/X64/MdePkg/Library/BasePciExpressLib/BasePciExpressLib/OUTPUT/BasePciExpressLib.lib
d:/bios/z124-002/z124-002/Build/Harrisonville/RELEASE_MYTOOLS/X64/AmiModulePkg/Library/AmiSioPeiLib/AmiSioPeiLib/OUTPUT/AmiSioPeiLib.lib
d:/bios/z124-002/z124-002/Build/Harrisonville/RELEASE_MYTOOLS/X64/MdePkg/Library/BasePciLibPciExpress/BasePciLibPciExpress/OUTPUT/BasePciLibPciExpress.lib
d:/bios/z124-002/z124-002/Build/Harrisonville/RELEASE_MYTOOLS/X64/AmiModulePkg/IO/NCT6683D/NCT6683DPlatformHookSerialPortLib/OUTPUT/NCT6683DPlatformHookSerialPortLib.lib
d:/bios/z124-002/z124-002/Build/Harrisonville/RELEASE_MYTOOLS/X64/MdePkg/Library/BasePrintLib/BasePrintLib/OUTPUT/BasePrintLib.lib
d:/bios/z124-002/z124-002/Build/Harrisonville/RELEASE_MYTOOLS/X64/AmiCRBPkg/Library/BaseSerialPortLib16550/BaseSerialPortLib16550/OUTPUT/BaseSerialPortLib16550Override.lib
d:/bios/z124-002/z124-002/Build/Harrisonville/RELEASE_MYTOOLS/X64/MdePkg/Library/BaseDebugLibSerialPort/BaseDebugLibSerialPort/OUTPUT/BaseDebugLibSerialPort.lib
d:/bios/z124-002/z124-002/Build/Harrisonville/RELEASE_MYTOOLS/X64/DenvertonPkg/Library/PeiDxeSmmMmPciLib/PeiDxeSmmMmPciLib/OUTPUT/PeiDxeSmmMmPciLib.lib
d:/bios/z124-002/z124-002/Build/Harrisonville/RELEASE_MYTOOLS/X64/HarrisonvillePkg/Library/PlatformTimerLib/PlatformTimerLib/OUTPUT/PlatformTimerLib.lib
d:/bios/z124-002/z124-002/Build/Harrisonville/RELEASE_MYTOOLS/X64/HarrisonvillePkg/Library/AcpiTimerLib/AcpiTimerLib/OUTPUT/AcpiTimerLib.lib
d:/bios/z124-002/z124-002/Build/Harrisonville/RELEASE_MYTOOLS/X64/MdePkg/Library/BasePeCoffGetEntryPointLib/BasePeCoffGetEntryPointLib/OUTPUT/BasePeCoffGetEntryPointLib.lib
d:/bios/z124-002/z124-002/Build/Harrisonville/RELEASE_MYTOOLS/X64/UefiCpuPkg/Library/BaseXApicX2ApicLib/BaseXApicX2ApicLib/OUTPUT/BaseXApicX2ApicLib.lib
d:/bios/z124-002/z124-002/Build/Harrisonville/RELEASE_MYTOOLS/X64/UefiCpuPkg/Library/CpuExceptionHandlerLib/SecPeiCpuExceptionHandlerLib/OUTPUT/SecPeiCpuExceptionHandlerLib.lib
d:/bios/z124-002/z124-002/Build/Harrisonville/RELEASE_MYTOOLS/X64/MdeModulePkg/Library/DebugAgentLibNull/DebugAgentLibNull/OUTPUT/DebugAgentLibNull.lib
d:/bios/z124-002/z124-002/Build/Harrisonville/RELEASE_MYTOOLS/X64/MdeModulePkg/Universal/CapsulePei/CapsuleX64/OUTPUT/CapsuleX64.lib