d:/bios/z124-002/z124-002/Build/Harrisonville/RELEASE_MYTOOLS/X64/MdePkg/Library/BaseMemoryLibRepStr/BaseMemoryLibRepStr/OUTPUT/ScanMem64Wrapper.obj
d:/bios/z124-002/z124-002/Build/Harrisonville/RELEASE_MYTOOLS/X64/MdePkg/Library/BaseMemoryLibRepStr/BaseMemoryLibRepStr/OUTPUT/ScanMem32Wrapper.obj
d:/bios/z124-002/z124-002/Build/Harrisonville/RELEASE_MYTOOLS/X64/MdePkg/Library/BaseMemoryLibRepStr/BaseMemoryLibRepStr/OUTPUT/ScanMem16Wrapper.obj
d:/bios/z124-002/z124-002/Build/Harrisonville/RELEASE_MYTOOLS/X64/MdePkg/Library/BaseMemoryLibRepStr/BaseMemoryLibRepStr/OUTPUT/ScanMem8Wrapper.obj
d:/bios/z124-002/z124-002/Build/Harrisonville/RELEASE_MYTOOLS/X64/MdePkg/Library/BaseMemoryLibRepStr/BaseMemoryLibRepStr/OUTPUT/ZeroMemWrapper.obj
d:/bios/z124-002/z124-002/Build/Harrisonville/RELEASE_MYTOOLS/X64/MdePkg/Library/BaseMemoryLibRepStr/BaseMemoryLibRepStr/OUTPUT/CompareMemWrapper.obj
d:/bios/z124-002/z124-002/Build/Harrisonville/RELEASE_MYTOOLS/X64/MdePkg/Library/BaseMemoryLibRepStr/BaseMemoryLibRepStr/OUTPUT/SetMem64Wrapper.obj
d:/bios/z124-002/z124-002/Build/Harrisonville/RELEASE_MYTOOLS/X64/MdePkg/Library/BaseMemoryLibRepStr/BaseMemoryLibRepStr/OUTPUT/SetMem32Wrapper.obj
d:/bios/z124-002/z124-002/Build/Harrisonville/RELEASE_MYTOOLS/X64/MdePkg/Library/BaseMemoryLibRepStr/BaseMemoryLibRepStr/OUTPUT/SetMem16Wrapper.obj
d:/bios/z124-002/z124-002/Build/Harrisonville/RELEASE_MYTOOLS/X64/MdePkg/Library/BaseMemoryLibRepStr/BaseMemoryLibRepStr/OUTPUT/SetMemWrapper.obj
d:/bios/z124-002/z124-002/Build/Harrisonville/RELEASE_MYTOOLS/X64/MdePkg/Library/BaseMemoryLibRepStr/BaseMemoryLibRepStr/OUTPUT/CopyMemWrapper.obj
d:/bios/z124-002/z124-002/Build/Harrisonville/RELEASE_MYTOOLS/X64/MdePkg/Library/BaseMemoryLibRepStr/BaseMemoryLibRepStr/OUTPUT/IsZeroBufferWrapper.obj
d:/bios/z124-002/z124-002/Build/Harrisonville/RELEASE_MYTOOLS/X64/MdePkg/Library/BaseMemoryLibRepStr/BaseMemoryLibRepStr/OUTPUT/MemLibGuid.obj
d:/bios/z124-002/z124-002/Build/Harrisonville/RELEASE_MYTOOLS/X64/MdePkg/Library/BaseMemoryLibRepStr/BaseMemoryLibRepStr/OUTPUT/X64/ScanMem64.obj
d:/bios/z124-002/z124-002/Build/Harrisonville/RELEASE_MYTOOLS/X64/MdePkg/Library/BaseMemoryLibRepStr/BaseMemoryLibRepStr/OUTPUT/X64/ScanMem32.obj
d:/bios/z124-002/z124-002/Build/Harrisonville/RELEASE_MYTOOLS/X64/MdePkg/Library/BaseMemoryLibRepStr/BaseMemoryLibRepStr/OUTPUT/X64/ScanMem16.obj
d:/bios/z124-002/z124-002/Build/Harrisonville/RELEASE_MYTOOLS/X64/MdePkg/Library/BaseMemoryLibRepStr/BaseMemoryLibRepStr/OUTPUT/X64/ScanMem8.obj
d:/bios/z124-002/z124-002/Build/Harrisonville/RELEASE_MYTOOLS/X64/MdePkg/Library/BaseMemoryLibRepStr/BaseMemoryLibRepStr/OUTPUT/X64/CompareMem.obj
d:/bios/z124-002/z124-002/Build/Harrisonville/RELEASE_MYTOOLS/X64/MdePkg/Library/BaseMemoryLibRepStr/BaseMemoryLibRepStr/OUTPUT/X64/ZeroMem.obj
d:/bios/z124-002/z124-002/Build/Harrisonville/RELEASE_MYTOOLS/X64/MdePkg/Library/BaseMemoryLibRepStr/BaseMemoryLibRepStr/OUTPUT/X64/SetMem64.obj
d:/bios/z124-002/z124-002/Build/Harrisonville/RELEASE_MYTOOLS/X64/MdePkg/Library/BaseMemoryLibRepStr/BaseMemoryLibRepStr/OUTPUT/X64/SetMem32.obj
d:/bios/z124-002/z124-002/Build/Harrisonville/RELEASE_MYTOOLS/X64/MdePkg/Library/BaseMemoryLibRepStr/BaseMemoryLibRepStr/OUTPUT/X64/SetMem16.obj
d:/bios/z124-002/z124-002/Build/Harrisonville/RELEASE_MYTOOLS/X64/MdePkg/Library/BaseMemoryLibRepStr/BaseMemoryLibRepStr/OUTPUT/X64/SetMem.obj
d:/bios/z124-002/z124-002/Build/Harrisonville/RELEASE_MYTOOLS/X64/MdePkg/Library/BaseMemoryLibRepStr/BaseMemoryLibRepStr/OUTPUT/X64/CopyMem.obj
d:/bios/z124-002/z124-002/Build/Harrisonville/RELEASE_MYTOOLS/X64/MdePkg/Library/BaseMemoryLibRepStr/BaseMemoryLibRepStr/OUTPUT/X64/IsZeroBuffer.obj